[    5250ms] [WARNING] ConfigCat - WARN - [3003] Cannot evaluate condition (User.cloud_provider EQUALS '<hashed value>') for setting 'enableSmartRegion' (the User.cloud_provider attribute is missing). You should set the User.cloud_provider attribute in order to make targeting work properly. Read more: https://configcat.com/docs/advanced/user-object/ @ https://frontend-assets.supabase.com/www/57e6d9165b35/_next/static/chunks/pages/_app-a5ede7f357a1c418.js?dpl=dpl_2qHyjrbdwj1mWeXhiM15Y6kVH3pq:0
[    5903ms] [WARNING] ConfigCat - WARN - [3003] Cannot evaluate condition (User.cloud_provider EQUALS '<hashed value>') for setting 'enableSmartRegion' (the User.cloud_provider attribute is missing). You should set the User.cloud_provider attribute in order to make targeting work properly. Read more: https://configcat.com/docs/advanced/user-object/ @ https://frontend-assets.supabase.com/www/57e6d9165b35/_next/static/chunks/pages/_app-a5ede7f357a1c418.js?dpl=dpl_2qHyjrbdwj1mWeXhiM15Y6kVH3pq:0
[   13277ms] [ERROR] Loading the script 'https://web.cmp.usercentrics.eu/tcf/stub.js' violates the following Content Security Policy directive: "script-src 'self' 'unsafe-eval' 'unsafe-inline' https://cdnjs.cloudflare.com https://js.hcaptcha.com https://js.stripe.com https://frontend-assets.supabase.com https://ss.supabase.com https://ph.supabase.com https://vercel.live https://*.pusher.com https://maps.googleapis.com". Note that 'script-src-elem' was not explicitly set, so 'script-src' is used as a fallback. The action has been blocked. @ https://ss.supabase.com/4icgbaujh.js?60a389s=aWQ9R1RNLVdDVlJMTU43&page=2:145
[   13277ms] [ERROR] Loading the script 'https://web.cmp.usercentrics.eu/ui/loader.js' violates the following Content Security Policy directive: "script-src 'self' 'unsafe-eval' 'unsafe-inline' https://cdnjs.cloudflare.com https://js.hcaptcha.com https://js.stripe.com https://frontend-assets.supabase.com https://ss.supabase.com https://ph.supabase.com https://vercel.live https://*.pusher.com https://maps.googleapis.com". Note that 'script-src-elem' was not explicitly set, so 'script-src' is used as a fallback. The action has been blocked. @ https://ss.supabase.com/4icgbaujh.js?60a389s=aWQ9R1RNLVdDVlJMTU43&page=2:145
[   13717ms] [ERROR] Failed to load resource: the server responded with a status of 502 () @ https://supabase.com/dashboard/api/incident-banner:0
[   14901ms] [ERROR] Failed to load resource: the server responded with a status of 502 () @ https://supabase.com/dashboard/api/incident-banner:0
[   17076ms] [ERROR] Failed to load resource: the server responded with a status of 502 () @ https://supabase.com/dashboard/api/incident-banner:0
[   21258ms] [ERROR] Failed to load resource: the server responded with a status of 502 () @ https://supabase.com/dashboard/api/incident-banner:0
[  120004ms] [ERROR] Failed to load resource: the server responded with a status of 502 () @ https://supabase.com/dashboard/api/incident-banner:0
[  121041ms] [ERROR] Failed to load resource: the server responded with a status of 429 () @ https://o398706.ingest.us.sentry.io/api/5459134/envelope/?sentry_version=7&sentry_key=caa7db5fc1da4341810a6d56251a951c&sentry_client=sentry.javascript.nextjs%2F10.27.0:0
[  121186ms] [ERROR] Failed to load resource: the server responded with a status of 502 () @ https://supabase.com/dashboard/api/incident-banner:0
[  123371ms] [ERROR] Failed to load resource: the server responded with a status of 502 () @ https://supabase.com/dashboard/api/incident-banner:0
[  127566ms] [ERROR] Failed to load resource: the server responded with a status of 502 () @ https://supabase.com/dashboard/api/incident-banner:0
[  136892ms] [ERROR] Failed to load resource: the server responded with a status of 400 () @ https://auth.supabase.io/auth/v1/token?grant_type=password:0
[  340217ms] [ERROR] Failed to load resource: the server responded with a status of 502 () @ https://supabase.com/dashboard/api/incident-banner:0
[  341417ms] [ERROR] Failed to load resource: the server responded with a status of 502 () @ https://supabase.com/dashboard/api/incident-banner:0
[  343611ms] [ERROR] Failed to load resource: the server responded with a status of 502 () @ https://supabase.com/dashboard/api/incident-banner:0
[  347803ms] [ERROR] Failed to load resource: the server responded with a status of 502 () @ https://supabase.com/dashboard/api/incident-banner:0
[  348015ms] [ERROR] Failed to load resource: the server responded with a status of 502 () @ https://supabase.com/dashboard/api/incident-banner:0
[  349063ms] [ERROR] Failed to load resource: the server responded with a status of 429 () @ https://o398706.ingest.us.sentry.io/api/5459134/envelope/?sentry_version=7&sentry_key=caa7db5fc1da4341810a6d56251a951c&sentry_client=sentry.javascript.nextjs%2F10.27.0:0
[  349224ms] [ERROR] Failed to load resource: the server responded with a status of 502 () @ https://supabase.com/dashboard/api/incident-banner:0
[  351414ms] [ERROR] Failed to load resource: the server responded with a status of 502 () @ https://supabase.com/dashboard/api/incident-banner:0
[  355597ms] [ERROR] Failed to load resource: the server responded with a status of 502 () @ https://supabase.com/dashboard/api/incident-banner:0
[  375839ms] [ERROR] Failed to load resource: the server responded with a status of 502 () @ https://supabase.com/dashboard/api/incident-banner:0
[  375873ms] [WARNING] [Warning] Please install/enable Redux devtools extension @ https://frontend-assets.supabase.com/studio/fd4a546db6f1/_next/static/chunks/1ddcf2ebd6895a3e.js?dpl=dpl_BsUUU13TTyCAE3QiXoiPBYm37ica:14
[  377140ms] [ERROR] Failed to load resource: the server responded with a status of 502 () @ https://supabase.com/dashboard/api/incident-banner:0
[  378178ms] [ERROR] Failed to load resource: the server responded with a status of 429 () @ https://o398706.ingest.us.sentry.io/api/5459134/envelope/?sentry_version=7&sentry_key=caa7db5fc1da4341810a6d56251a951c&sentry_client=sentry.javascript.nextjs%2F10.27.0:0
[  379319ms] [ERROR] Failed to load resource: the server responded with a status of 502 () @ https://supabase.com/dashboard/api/incident-banner:0
[  383499ms] [ERROR] Failed to load resource: the server responded with a status of 502 () @ https://supabase.com/dashboard/api/incident-banner:0
[  407507ms] [WARNING] [Warning] Please install/enable Redux devtools extension @ https://frontend-assets.supabase.com/studio/fd4a546db6f1/_next/static/chunks/1ddcf2ebd6895a3e.js?dpl=dpl_BsUUU13TTyCAE3QiXoiPBYm37ica:14
[  407760ms] [ERROR] Loading the script 'https://web.cmp.usercentrics.eu/tcf/stub.js' violates the following Content Security Policy directive: "script-src 'self' 'unsafe-eval' 'unsafe-inline' https://cdnjs.cloudflare.com https://js.hcaptcha.com https://js.stripe.com https://frontend-assets.supabase.com https://ss.supabase.com https://ph.supabase.com https://vercel.live https://*.pusher.com https://maps.googleapis.com". Note that 'script-src-elem' was not explicitly set, so 'script-src' is used as a fallback. The action has been blocked. @ https://ss.supabase.com/4icgbaujh.js?60a389s=aWQ9R1RNLVdDVlJMTU43&page=2:145
[  407760ms] [ERROR] Loading the script 'https://web.cmp.usercentrics.eu/ui/loader.js' violates the following Content Security Policy directive: "script-src 'self' 'unsafe-eval' 'unsafe-inline' https://cdnjs.cloudflare.com https://js.hcaptcha.com https://js.stripe.com https://frontend-assets.supabase.com https://ss.supabase.com https://ph.supabase.com https://vercel.live https://*.pusher.com https://maps.googleapis.com". Note that 'script-src-elem' was not explicitly set, so 'script-src' is used as a fallback. The action has been blocked. @ https://ss.supabase.com/4icgbaujh.js?60a389s=aWQ9R1RNLVdDVlJMTU43&page=2:145
[  407777ms] [ERROR] Failed to load resource: the server responded with a status of 502 () @ https://supabase.com/dashboard/api/incident-banner:0
[  407865ms] [ERROR] Connecting to 'https://analytics.google.com/g/collect?a=adblocker_check' violates the following Content Security Policy directive: "default-src 'self' https://api.supabase.com http://localhost:8000 https://auth.supabase.io ws://localhost:8000 wss://localhost:8000 https://*.supabase.co https://*.storage.supabase.co wss://*.supabase.co https://*.hcaptcha.com https://cdn-global.configcat.com https://configcat.supabase.com https://*.stripe.com https://*.stripe.network https://www.cloudflare.com https://*.vercel-insights.com https://api.github.com https://raw.githubusercontent.com https://frontend-assets.supabase.com https://*.usercentrics.eu https://ss.supabase.com https://maps.googleapis.com https://ph.supabase.com https://cdnjs.cloudflare.com wss://*.pusher.com https://*.ingest.sentry.io https://*.ingest.us.sentry.io https://*.ingest.de.sentry.io". Note that 'connect-src' was not explicitly set, so 'default-src' is used as a fallback. The action has been blocked. @ https://frontend-assets.supabase.com/studio/fd4a546db6f1/_next/static/chunks/1ddcf2ebd6895a3e.js?dpl=dpl_BsUUU13TTyCAE3QiXoiPBYm37ica:14
[  407865ms] [ERROR] Fetch API cannot load https://analytics.google.com/g/collect?a=adblocker_check. Refused to connect because it violates the document's Content Security Policy. @ https://frontend-assets.supabase.com/studio/fd4a546db6f1/_next/static/chunks/1ddcf2ebd6895a3e.js?dpl=dpl_BsUUU13TTyCAE3QiXoiPBYm37ica:14
[  408063ms] [ERROR] Failed to load resource: the server responded with a status of 400 () @ https://api.supabase.com/platform/pg-meta/brlmebonzrnvjfyzbmbu/query?key=migrations:0
[  408972ms] [ERROR] Failed to load resource: the server responded with a status of 502 () @ https://supabase.com/dashboard/api/incident-banner:0
[  411158ms] [ERROR] Failed to load resource: the server responded with a status of 502 () @ https://supabase.com/dashboard/api/incident-banner:0
[  415380ms] [ERROR] Failed to load resource: the server responded with a status of 502 () @ https://supabase.com/dashboard/api/incident-banner:0
[  478893ms] [ERROR] Failed to load resource: the server responded with a status of 429 () @ https://o398706.ingest.us.sentry.io/api/5459134/envelope/?sentry_version=7&sentry_key=caa7db5fc1da4341810a6d56251a951c&sentry_client=sentry.javascript.nextjs%2F10.27.0:0
[  520206ms] [ERROR] Failed to load resource: the server responded with a status of 429 () @ https://o398706.ingest.us.sentry.io/api/5459134/envelope/?sentry_version=7&sentry_key=caa7db5fc1da4341810a6d56251a951c&sentry_client=sentry.javascript.nextjs%2F10.27.0:0
[  550402ms] [ERROR] Failed to load resource: the server responded with a status of 429 () @ https://o398706.ingest.us.sentry.io/api/5459134/envelope/?sentry_version=7&sentry_key=caa7db5fc1da4341810a6d56251a951c&sentry_client=sentry.javascript.nextjs%2F10.27.0:0
[  579247ms] [ERROR] Failed to load resource: the server responded with a status of 429 () @ https://o398706.ingest.us.sentry.io/api/5459134/envelope/?sentry_version=7&sentry_key=caa7db5fc1da4341810a6d56251a951c&sentry_client=sentry.javascript.nextjs%2F10.27.0:0
[  607241ms] [ERROR] Loading the script 'https://web.cmp.usercentrics.eu/tcf/stub.js' violates the following Content Security Policy directive: "script-src 'self' 'unsafe-eval' 'unsafe-inline' https://cdnjs.cloudflare.com https://js.hcaptcha.com https://js.stripe.com https://frontend-assets.supabase.com https://ss.supabase.com https://ph.supabase.com https://vercel.live https://*.pusher.com https://maps.googleapis.com". Note that 'script-src-elem' was not explicitly set, so 'script-src' is used as a fallback. The action has been blocked. @ https://ss.supabase.com/4icgbaujh.js?60a389s=aWQ9R1RNLVdDVlJMTU43&page=2:145
[  607241ms] [ERROR] Loading the script 'https://web.cmp.usercentrics.eu/ui/loader.js' violates the following Content Security Policy directive: "script-src 'self' 'unsafe-eval' 'unsafe-inline' https://cdnjs.cloudflare.com https://js.hcaptcha.com https://js.stripe.com https://frontend-assets.supabase.com https://ss.supabase.com https://ph.supabase.com https://vercel.live https://*.pusher.com https://maps.googleapis.com". Note that 'script-src-elem' was not explicitly set, so 'script-src' is used as a fallback. The action has been blocked. @ https://ss.supabase.com/4icgbaujh.js?60a389s=aWQ9R1RNLVdDVlJMTU43&page=2:145
[  607330ms] [ERROR] Failed to load resource: the server responded with a status of 502 () @ https://supabase.com/dashboard/api/incident-banner:0
[  607388ms] [WARNING] [Warning] Please install/enable Redux devtools extension @ https://frontend-assets.supabase.com/studio/fd4a546db6f1/_next/static/chunks/1ddcf2ebd6895a3e.js?dpl=dpl_BsUUU13TTyCAE3QiXoiPBYm37ica:14
[  608510ms] [ERROR] Failed to load resource: the server responded with a status of 502 () @ https://supabase.com/dashboard/api/incident-banner:0
[  609599ms] [ERROR] Failed to load resource: the server responded with a status of 429 () @ https://o398706.ingest.us.sentry.io/api/5459134/envelope/?sentry_version=7&sentry_key=caa7db5fc1da4341810a6d56251a951c&sentry_client=sentry.javascript.nextjs%2F10.27.0:0
[  610409ms] [ERROR] Loading the script 'https://web.cmp.usercentrics.eu/tcf/stub.js' violates the following Content Security Policy directive: "script-src 'self' 'unsafe-eval' 'unsafe-inline' https://cdnjs.cloudflare.com https://js.hcaptcha.com https://js.stripe.com https://frontend-assets.supabase.com https://ss.supabase.com https://ph.supabase.com https://vercel.live https://*.pusher.com https://maps.googleapis.com". Note that 'script-src-elem' was not explicitly set, so 'script-src' is used as a fallback. The action has been blocked. @ https://ss.supabase.com/4icgbaujh.js?60a389s=aWQ9R1RNLVdDVlJMTU43&page=2:145
[  610409ms] [ERROR] Loading the script 'https://web.cmp.usercentrics.eu/ui/loader.js' violates the following Content Security Policy directive: "script-src 'self' 'unsafe-eval' 'unsafe-inline' https://cdnjs.cloudflare.com https://js.hcaptcha.com https://js.stripe.com https://frontend-assets.supabase.com https://ss.supabase.com https://ph.supabase.com https://vercel.live https://*.pusher.com https://maps.googleapis.com". Note that 'script-src-elem' was not explicitly set, so 'script-src' is used as a fallback. The action has been blocked. @ https://ss.supabase.com/4icgbaujh.js?60a389s=aWQ9R1RNLVdDVlJMTU43&page=2:145
[  610521ms] [WARNING] [Warning] Please install/enable Redux devtools extension @ https://frontend-assets.supabase.com/studio/fd4a546db6f1/_next/static/chunks/1ddcf2ebd6895a3e.js?dpl=dpl_BsUUU13TTyCAE3QiXoiPBYm37ica:14
[  610583ms] [ERROR] Failed to load resource: the server responded with a status of 502 () @ https://supabase.com/dashboard/api/incident-banner:0
[  611779ms] [ERROR] Failed to load resource: the server responded with a status of 502 () @ https://supabase.com/dashboard/api/incident-banner:0
[  613976ms] [ERROR] Failed to load resource: the server responded with a status of 502 () @ https://supabase.com/dashboard/api/incident-banner:0
[  618165ms] [ERROR] Failed to load resource: the server responded with a status of 502 () @ https://supabase.com/dashboard/api/incident-banner:0
